<?xml version="1.0" encoding="UTF-8"?>
<testng-results ignored="0" total="1" passed="1" failed="0" skipped="0">
  <reporter-output>
  </reporter-output>
  <suite started-at="2024-07-14T03:43:32 IST" name="Default suite" finished-at="2024-07-14T03:44:43 IST" duration-ms="70771">
    <groups>
    </groups>
    <test started-at="2024-07-14T03:43:32 IST" name="Default test" finished-at="2024-07-14T03:44:43 IST" duration-ms="70771">
      <class name="testcase.AutomationScript">
        <test-method is-config="true" signature="setup(org.testng.ITestContext)[pri:0, instance:testcase.AutomationScript@723ca036]" started-at="2024-07-14T03:43:32 IST" name="setup" finished-at="2024-07-14T03:43:47 IST" duration-ms="15559" status="PASS">
          <params>
            <param index="0">
              <value>
                <![CDATA[org.testng.TestRunner@608fe01f]]>
              </value>
            </param>
          </params>
          <reporter-output>
          </reporter-output>
        </test-method> <!-- setup -->
        <test-method signature="addcustomer()[pri:0, instance:testcase.AutomationScript@723ca036]" started-at="2024-07-14T03:43:47 IST" name="addcustomer" finished-at="2024-07-14T03:44:42 IST" duration-ms="54727" status="PASS">
          <reporter-output>
          </reporter-output>
        </test-method> <!-- addcustomer -->
        <test-method is-config="true" signature="teardown()[pri:0, instance:testcase.AutomationScript@723ca036]" started-at="2024-07-14T03:44:42 IST" name="teardown" finished-at="2024-07-14T03:44:43 IST" duration-ms="444" status="PASS">
          <reporter-output>
          </reporter-output>
        </test-method> <!-- teardown -->
      </class> <!-- testcase.AutomationScript -->
    </test> <!-- Default test -->
  </suite> <!-- Default suite -->
</testng-results>
